<!DOCTYPE html PUBLIC "-//W3C//DTD XHTML 1.1//EN" "https://www.w3.org/TR/xhtml11/DTD/xhtml11.dtd">
<html xmlns="https://www.w3.org/1999/xhtml">
<head>
<meta http-equiv="content-type" content="text/html; charset=UTF-8"/>
<title>TestNG Report</title>
<style type="text/css">table {margin-bottom:10px;border-collapse:collapse;empty-cells:show}th,td {border:1px solid #009;padding:.25em .5em}th {vertical-align:bottom}td {vertical-align:top}table a {font-weight:bold}.stripe td {background-color: #E6EBF9}.num {text-align:right}.passedodd td {background-color: #3F3}.passedeven td {background-color: #0A0}.skippedodd td {background-color: #DDD}.skippedeven td {background-color: #CCC}.failedodd td,.attn {background-color: #F33}.failedeven td,.stripe .attn {background-color: #D00}.stacktrace {white-space:pre;font-family:monospace}.totop {font-size:85%;text-align:center;border-bottom:2px solid #000}.invisible {display:none}</style>
</head>
<body>
<table>
<tr><th>Test</th><th># Passed</th><th># Skipped</th><th># Retried</th><th># Failed</th><th>Time (ms)</th><th>Included Groups</th><th>Excluded Groups</th></tr>
<tr><th colspan="8">Regression Suite</th></tr>
<tr><td><a href="#t0">Test</a></td><td class="num">2</td><td class="num">0</td><td class="num">0</td><td class="num attn">1</td><td class="num">123,652</td><td></td><td></td></tr>
</table>
<table id='summary'><thead><tr><th>Class</th><th>Method</th><th>Start</th><th>Time (ms)</th></tr></thead><tbody><tr><th colspan="4">Regression Suite</th></tr></tbody><tbody id="t0"><tr><th colspan="4">Test &#8212; failed</th></tr><tr class="failedeven"><td rowspan="1">testCases.Module1_Login</td><td><a href="#m0">Verify_Login_With_Valid_Data</a></td><td rowspan="1">1760375583048</td><td rowspan="1">38563</td></tr><tr><th colspan="4">Test &#8212; passed</th></tr><tr class="passedeven"><td rowspan="2">testCases.Module1_Login</td><td><a href="#m1">Verify_Login_With_Invalid_Data</a></td><td rowspan="1">1760375621646</td><td rowspan="1">44572</td></tr><tr class="passedeven"><td><a href="#m2">Verify_Login_With_NoData</a></td><td rowspan="1">1760375667397</td><td rowspan="1">38055</td></tr></tbody>
</table>
<h2>Test</h2><h3 id="m0">testCases.Module1_Login#Verify_Login_With_Valid_Data</h3><table class="result"><tr><th>Messages</th></tr><tr><td><div class="messages">Launched Chrome browser<br/>Browser Maximized<br/>Navigated to https://opensource-demo.orangehrmlive.com/web/index.php/auth/login<br/>Implicit wait set to: 10 seconds<br/>Locator Used -> xpath://h5[text()='Login']<br/>Login Text is displayed<br/>Locator Used -> cssSelector:input[placeholder='Username']<br/>Entered Admin into Username Text Field<br/>Locator Used -> cssSelector:input[placeholder='Password']<br/>Entered admin into Password Text Field<br/>Locator Used -> xpath://button[normalize-space(.)='Login']<br/>Clicked on Login Button<br/>Failed to verify Dashboard Text - Reason: org.openqa.selenium.NoSuchElementException: no such element: Unable to locate element: {"method":"xpath","selector":"//h6[text()='Dashboard']"}
  (Session info: chrome=141.0.7390.66)
For documentation on this error, please visit: https://www.selenium.dev/documentation/webdriver/troubleshooting/errors#no-such-element-exception
Build info: version: '4.35.0', revision: '1c58e5028b'
System info: os.name: 'Windows 11', os.arch: 'amd64', os.version: '10.0', java.version: '17.0.11'
Driver info: org.openqa.selenium.chrome.ChromeDriver
Command: [ee61dafd09a94e7de5239770e1ade2b9, findElement {using=xpath, value=//h6[text()='Dashboard']}]
Capabilities {acceptInsecureCerts: false, browserName: chrome, browserVersion: 141.0.7390.66, chrome: {chromedriverVersion: 141.0.7390.76 (d6fcfbb51aac..., userDataDir: C:\Users\User\AppData\Local...}, fedcm:accounts: true, goog:chromeOptions: {debuggerAddress: localhost:58048}, networkConnectionEnabled: false, pageLoadStrategy: normal, platformName: windows, proxy: Proxy(), se:cdp: ws://localhost:58048/devtoo..., se:cdpVersion: 141.0.7390.66, setWindowRect: true, strictFileInteractability: false, timeouts: {implicit: 0, pageLoad: 300000, script: 30000}, unhandledPromptBehavior: dismiss and notify, webauthn:extension:credBlob: true, webauthn:extension:largeBlob: true, webauthn:extension:minPinLength: true, webauthn:extension:prf: true, webauthn:virtualAuthenticators: true}
Session ID: ee61dafd09a94e7de5239770e1ade2b9</div></td></tr><tr><th>Exception</th></tr><tr><td><div class="stacktrace">org.openqa.selenium.NoSuchElementException: no such element: Unable to locate element: {&quot;method&quot;:&quot;xpath&quot;,&quot;selector&quot;:&quot;//h6[text()=&apos;Dashboard&apos;]&quot;}
  (Session info: chrome=141.0.7390.66)
For documentation on this error, please visit: https://www.selenium.dev/documentation/webdriver/troubleshooting/errors#no-such-element-exception
Build info: version: &apos;4.35.0&apos;, revision: &apos;1c58e5028b&apos;
System info: os.name: &apos;Windows 11&apos;, os.arch: &apos;amd64&apos;, os.version: &apos;10.0&apos;, java.version: &apos;17.0.11&apos;
Driver info: org.openqa.selenium.chrome.ChromeDriver
Command: [ee61dafd09a94e7de5239770e1ade2b9, findElement {using=xpath, value=//h6[text()=&apos;Dashboard&apos;]}]
Capabilities {acceptInsecureCerts: false, browserName: chrome, browserVersion: 141.0.7390.66, chrome: {chromedriverVersion: 141.0.7390.76 (d6fcfbb51aac..., userDataDir: C:\Users\User\AppData\Local...}, fedcm:accounts: true, goog:chromeOptions: {debuggerAddress: localhost:58048}, networkConnectionEnabled: false, pageLoadStrategy: normal, platformName: windows, proxy: Proxy(), se:cdp: ws://localhost:58048/devtoo..., se:cdpVersion: 141.0.7390.66, setWindowRect: true, strictFileInteractability: false, timeouts: {implicit: 0, pageLoad: 300000, script: 30000}, unhandledPromptBehavior: dismiss and notify, webauthn:extension:credBlob: true, webauthn:extension:largeBlob: true, webauthn:extension:minPinLength: true, webauthn:extension:prf: true, webauthn:virtualAuthenticators: true}
Session ID: ee61dafd09a94e7de5239770e1ade2b9
	at org.openqa.selenium.remote.ErrorCodec.decode(ErrorCodec.java:167)
	at org.openqa.selenium.remote.codec.w3c.W3CHttpResponseCodec.decode(W3CHttpResponseCodec.java:138)
	at org.openqa.selenium.remote.codec.w3c.W3CHttpResponseCodec.decode(W3CHttpResponseCodec.java:50)
	at org.openqa.selenium.remote.HttpCommandExecutor.execute(HttpCommandExecutor.java:215)
	at org.openqa.selenium.remote.service.DriverCommandExecutor.invokeExecute(DriverCommandExecutor.java:216)
	at org.openqa.selenium.remote.service.DriverCommandExecutor.execute(DriverCommandExecutor.java:174)
	at org.openqa.selenium.remote.RemoteWebDriver.execute(RemoteWebDriver.java:557)
	at org.openqa.selenium.remote.ElementLocation$ElementFinder$2.findElement(ElementLocation.java:165)
	at org.openqa.selenium.remote.ElementLocation.findElement(ElementLocation.java:59)
	at org.openqa.selenium.remote.RemoteWebDriver.findElement(RemoteWebDriver.java:380)
	at org.openqa.selenium.remote.RemoteWebDriver.findElement(RemoteWebDriver.java:374)
	at utilities.WebUtils.locateElement(WebUtils.java:51)
	at utilities.WebUtils.verifyDisplayOf(WebUtils.java:232)
	at testCases.Module1_Login.Verify_Login_With_Valid_Data(Module1_Login.java:19)
	at java.base/java.util.ArrayList.forEach(ArrayList.java:1511)
... Removed 36 stack frames</div></td></tr></table><p class="totop"><a href="#summary">back to summary</a></p>
<h3 id="m1">testCases.Module1_Login#Verify_Login_With_Invalid_Data</h3><table class="result"><tr><th>Messages</th></tr><tr><td><div class="messages">Launched Chrome browser<br/>Browser Maximized<br/>Navigated to https://opensource-demo.orangehrmlive.com/web/index.php/auth/login<br/>Implicit wait set to: 10 seconds<br/>Locator Used -> xpath://h5[text()='Login']<br/>Login Text is displayed<br/>Locator Used -> cssSelector:input[placeholder='Username']<br/>Entered Admin into Username Text Field<br/>Locator Used -> cssSelector:input[placeholder='Password']<br/>Entered Admin into Password Text Field<br/>Locator Used -> xpath://button[normalize-space(.)='Login']<br/>Clicked on Login Button<br/>Locator Used -> xpath://p[text()='Invalid credentials']<br/>Invalid Credential Text is displayed</div></td></tr></table><p class="totop"><a href="#summary">back to summary</a></p>
<h3 id="m2">testCases.Module1_Login#Verify_Login_With_NoData</h3><table class="result"><tr><th>Messages</th></tr><tr><td><div class="messages">Launched Chrome browser<br/>Browser Maximized<br/>Navigated to https://opensource-demo.orangehrmlive.com/web/index.php/auth/login<br/>Implicit wait set to: 10 seconds<br/>Locator Used -> xpath://h5[text()='Login']<br/>Login Text is displayed<br/>Locator Used -> xpath://button[normalize-space(.)='Login']<br/>Clicked on Login Button<br/>Locator Used -> xpath://label[text()='Username']/../..//span[text()='Required']<br/>Username Required Text is displayed<br/>Locator Used -> xpath://label[text()='Password']/../..//span[text()='Required']<br/>Password Required Text is displayed</div></td></tr></table><p class="totop"><a href="#summary">back to summary</a></p>
</body>
</html>
