<?xml version="1.0" encoding="UTF-8"?>
<testng-results ignored="0" total="3" passed="2" failed="1" skipped="0">
  <reporter-output>
    <line>
      <![CDATA[Launched Chrome browser]]>
    </line>
    <line>
      <![CDATA[Browser Maximized]]>
    </line>
    <line>
      <![CDATA[Navigated to https://opensource-demo.orangehrmlive.com/web/index.php/auth/login]]>
    </line>
    <line>
      <![CDATA[Implicit wait set to: 10 seconds]]>
    </line>
    <line>
      <![CDATA[Locator Used -> xpath://h5[text()='Login']]]>
    </line>
    <line>
      <![CDATA[Login Text is displayed]]>
    </line>
    <line>
      <![CDATA[Locator Used -> cssSelector:input[placeholder='Username']]]>
    </line>
    <line>
      <![CDATA[Entered Admin into Username Text Field]]>
    </line>
    <line>
      <![CDATA[Locator Used -> cssSelector:input[placeholder='Password']]]>
    </line>
    <line>
      <![CDATA[Entered admin into Password Text Field]]>
    </line>
    <line>
      <![CDATA[Locator Used -> xpath://button[normalize-space(.)='Login']]]>
    </line>
    <line>
      <![CDATA[Clicked on Login Button]]>
    </line>
    <line>
      <![CDATA[Failed to verify Dashboard Text - Reason: org.openqa.selenium.NoSuchElementException: no such element: Unable to locate element: {"method":"xpath","selector":"//h6[text()='Dashboard']"}
  (Session info: chrome=141.0.7390.66)
For documentation on this error, please visit: https://www.selenium.dev/documentation/webdriver/troubleshooting/errors#no-such-element-exception
Build info: version: '4.35.0', revision: '1c58e5028b'
System info: os.name: 'Windows 11', os.arch: 'amd64', os.version: '10.0', java.version: '17.0.11'
Driver info: org.openqa.selenium.chrome.ChromeDriver
Command: [ee61dafd09a94e7de5239770e1ade2b9, findElement {using=xpath, value=//h6[text()='Dashboard']}]
Capabilities {acceptInsecureCerts: false, browserName: chrome, browserVersion: 141.0.7390.66, chrome: {chromedriverVersion: 141.0.7390.76 (d6fcfbb51aac..., userDataDir: C:\Users\User\AppData\Local...}, fedcm:accounts: true, goog:chromeOptions: {debuggerAddress: localhost:58048}, networkConnectionEnabled: false, pageLoadStrategy: normal, platformName: windows, proxy: Proxy(), se:cdp: ws://localhost:58048/devtoo..., se:cdpVersion: 141.0.7390.66, setWindowRect: true, strictFileInteractability: false, timeouts: {implicit: 0, pageLoad: 300000, script: 30000}, unhandledPromptBehavior: dismiss and notify, webauthn:extension:credBlob: true, webauthn:extension:largeBlob: true, webauthn:extension:minPinLength: true, webauthn:extension:prf: true, webauthn:virtualAuthenticators: true}
Session ID: ee61dafd09a94e7de5239770e1ade2b9]]>
    </line>
    <line>
      <![CDATA[Launched Chrome browser]]>
    </line>
    <line>
      <![CDATA[Browser Maximized]]>
    </line>
    <line>
      <![CDATA[Navigated to https://opensource-demo.orangehrmlive.com/web/index.php/auth/login]]>
    </line>
    <line>
      <![CDATA[Implicit wait set to: 10 seconds]]>
    </line>
    <line>
      <![CDATA[Locator Used -> xpath://h5[text()='Login']]]>
    </line>
    <line>
      <![CDATA[Login Text is displayed]]>
    </line>
    <line>
      <![CDATA[Locator Used -> cssSelector:input[placeholder='Username']]]>
    </line>
    <line>
      <![CDATA[Entered Admin into Username Text Field]]>
    </line>
    <line>
      <![CDATA[Locator Used -> cssSelector:input[placeholder='Password']]]>
    </line>
    <line>
      <![CDATA[Entered Admin into Password Text Field]]>
    </line>
    <line>
      <![CDATA[Locator Used -> xpath://button[normalize-space(.)='Login']]]>
    </line>
    <line>
      <![CDATA[Clicked on Login Button]]>
    </line>
    <line>
      <![CDATA[Locator Used -> xpath://p[text()='Invalid credentials']]]>
    </line>
    <line>
      <![CDATA[Invalid Credential Text is displayed]]>
    </line>
    <line>
      <![CDATA[Closed browser]]>
    </line>
    <line>
      <![CDATA[Launched Chrome browser]]>
    </line>
    <line>
      <![CDATA[Browser Maximized]]>
    </line>
    <line>
      <![CDATA[Navigated to https://opensource-demo.orangehrmlive.com/web/index.php/auth/login]]>
    </line>
    <line>
      <![CDATA[Implicit wait set to: 10 seconds]]>
    </line>
    <line>
      <![CDATA[Locator Used -> xpath://h5[text()='Login']]]>
    </line>
    <line>
      <![CDATA[Login Text is displayed]]>
    </line>
    <line>
      <![CDATA[Locator Used -> xpath://button[normalize-space(.)='Login']]]>
    </line>
    <line>
      <![CDATA[Clicked on Login Button]]>
    </line>
    <line>
      <![CDATA[Locator Used -> xpath://label[text()='Username']/../..//span[text()='Required']]]>
    </line>
    <line>
      <![CDATA[Username Required Text is displayed]]>
    </line>
    <line>
      <![CDATA[Locator Used -> xpath://label[text()='Password']/../..//span[text()='Required']]]>
    </line>
    <line>
      <![CDATA[Password Required Text is displayed]]>
    </line>
    <line>
      <![CDATA[Closed browser]]>
    </line>
  </reporter-output>
  <suite started-at="2025-10-13T22:43:03 IST" name="Regression Suite" finished-at="2025-10-13T22:45:06 IST" duration-ms="123652">
    <groups>
    </groups>
    <test started-at="2025-10-13T22:43:03 IST" name="Test" finished-at="2025-10-13T22:45:06 IST" duration-ms="123652">
      <class name="testCases.Module1_Login">
        <test-method is-config="true" signature="setUpReport()[pri:0, instance:testCases.Module1_Login@57a3af25]" started-at="2025-10-13T22:43:02 IST" name="setUpReport" finished-at="2025-10-13T22:43:03 IST" duration-ms="345" status="PASS">
          <reporter-output>
          </reporter-output>
        </test-method> <!-- setUpReport -->
        <test-method signature="Verify_Login_With_Valid_Data()[pri:0, instance:testCases.Module1_Login@57a3af25]" started-at="2025-10-13T22:43:03 IST" name="Verify_Login_With_Valid_Data" finished-at="2025-10-13T22:43:41 IST" duration-ms="38563" status="FAIL">
          <exception class="org.openqa.selenium.NoSuchElementException">
            <message>
              <![CDATA[no such element: Unable to locate element: {"method":"xpath","selector":"//h6[text()='Dashboard']"}
  (Session info: chrome=141.0.7390.66)
For documentation on this error, please visit: https://www.selenium.dev/documentation/webdriver/troubleshooting/errors#no-such-element-exception
Build info: version: '4.35.0', revision: '1c58e5028b'
System info: os.name: 'Windows 11', os.arch: 'amd64', os.version: '10.0', java.version: '17.0.11'
Driver info: org.openqa.selenium.chrome.ChromeDriver
Command: [ee61dafd09a94e7de5239770e1ade2b9, findElement {using=xpath, value=//h6[text()='Dashboard']}]
Capabilities {acceptInsecureCerts: false, browserName: chrome, browserVersion: 141.0.7390.66, chrome: {chromedriverVersion: 141.0.7390.76 (d6fcfbb51aac..., userDataDir: C:\Users\User\AppData\Local...}, fedcm:accounts: true, goog:chromeOptions: {debuggerAddress: localhost:58048}, networkConnectionEnabled: false, pageLoadStrategy: normal, platformName: windows, proxy: Proxy(), se:cdp: ws://localhost:58048/devtoo..., se:cdpVersion: 141.0.7390.66, setWindowRect: true, strictFileInteractability: false, timeouts: {implicit: 0, pageLoad: 300000, script: 30000}, unhandledPromptBehavior: dismiss and notify, webauthn:extension:credBlob: true, webauthn:extension:largeBlob: true, webauthn:extension:minPinLength: true, webauthn:extension:prf: true, webauthn:virtualAuthenticators: true}
Session ID: ee61dafd09a94e7de5239770e1ade2b9]]>
            </message>
            <full-stacktrace>
              <![CDATA[org.openqa.selenium.NoSuchElementException: no such element: Unable to locate element: {"method":"xpath","selector":"//h6[text()='Dashboard']"}
  (Session info: chrome=141.0.7390.66)
For documentation on this error, please visit: https://www.selenium.dev/documentation/webdriver/troubleshooting/errors#no-such-element-exception
Build info: version: '4.35.0', revision: '1c58e5028b'
System info: os.name: 'Windows 11', os.arch: 'amd64', os.version: '10.0', java.version: '17.0.11'
Driver info: org.openqa.selenium.chrome.ChromeDriver
Command: [ee61dafd09a94e7de5239770e1ade2b9, findElement {using=xpath, value=//h6[text()='Dashboard']}]
Capabilities {acceptInsecureCerts: false, browserName: chrome, browserVersion: 141.0.7390.66, chrome: {chromedriverVersion: 141.0.7390.76 (d6fcfbb51aac..., userDataDir: C:\Users\User\AppData\Local...}, fedcm:accounts: true, goog:chromeOptions: {debuggerAddress: localhost:58048}, networkConnectionEnabled: false, pageLoadStrategy: normal, platformName: windows, proxy: Proxy(), se:cdp: ws://localhost:58048/devtoo..., se:cdpVersion: 141.0.7390.66, setWindowRect: true, strictFileInteractability: false, timeouts: {implicit: 0, pageLoad: 300000, script: 30000}, unhandledPromptBehavior: dismiss and notify, webauthn:extension:credBlob: true, webauthn:extension:largeBlob: true, webauthn:extension:minPinLength: true, webauthn:extension:prf: true, webauthn:virtualAuthenticators: true}
Session ID: ee61dafd09a94e7de5239770e1ade2b9
at java.base/jdk.internal.reflect.NativeConstructorAccessorImpl.newInstance0(Native Method)
at java.base/jdk.internal.reflect.NativeConstructorAccessorImpl.newInstance(NativeConstructorAccessorImpl.java:77)
at java.base/jdk.internal.reflect.DelegatingConstructorAccessorImpl.newInstance(DelegatingConstructorAccessorImpl.java:45)
at java.base/java.lang.reflect.Constructor.newInstanceWithCaller(Constructor.java:499)
at java.base/java.lang.reflect.Constructor.newInstance(Constructor.java:480)
at org.openqa.selenium.remote.ErrorCodec.decode(ErrorCodec.java:167)
at org.openqa.selenium.remote.codec.w3c.W3CHttpResponseCodec.decode(W3CHttpResponseCodec.java:138)
at org.openqa.selenium.remote.codec.w3c.W3CHttpResponseCodec.decode(W3CHttpResponseCodec.java:50)
at org.openqa.selenium.remote.HttpCommandExecutor.execute(HttpCommandExecutor.java:215)
at org.openqa.selenium.remote.service.DriverCommandExecutor.invokeExecute(DriverCommandExecutor.java:216)
at org.openqa.selenium.remote.service.DriverCommandExecutor.execute(DriverCommandExecutor.java:174)
at org.openqa.selenium.remote.RemoteWebDriver.execute(RemoteWebDriver.java:557)
at org.openqa.selenium.remote.ElementLocation$ElementFinder$2.findElement(ElementLocation.java:165)
at org.openqa.selenium.remote.ElementLocation.findElement(ElementLocation.java:59)
at org.openqa.selenium.remote.RemoteWebDriver.findElement(RemoteWebDriver.java:380)
at org.openqa.selenium.remote.RemoteWebDriver.findElement(RemoteWebDriver.java:374)
at utilities.WebUtils.locateElement(WebUtils.java:51)
at utilities.WebUtils.verifyDisplayOf(WebUtils.java:232)
at testCases.Module1_Login.Verify_Login_With_Valid_Data(Module1_Login.java:19)
at java.base/jdk.internal.reflect.NativeMethodAccessorImpl.invoke0(Native Method)
at java.base/jdk.internal.reflect.NativeMethodAccessorImpl.invoke(NativeMethodAccessorImpl.java:77)
at java.base/jdk.internal.reflect.DelegatingMethodAccessorImpl.invoke(DelegatingMethodAccessorImpl.java:43)
at java.base/java.lang.reflect.Method.invoke(Method.java:568)
at org.testng.internal.invokers.MethodInvocationHelper.invokeMethod(MethodInvocationHelper.java:141)
at org.testng.internal.invokers.TestInvoker.invokeMethod(TestInvoker.java:687)
at org.testng.internal.invokers.TestInvoker.invokeTestMethod(TestInvoker.java:230)
at org.testng.internal.invokers.MethodRunner.runInSequence(MethodRunner.java:63)
at org.testng.internal.invokers.TestInvoker$MethodInvocationAgent.invoke(TestInvoker.java:995)
at org.testng.internal.invokers.TestInvoker.invokeTestMethods(TestInvoker.java:203)
at org.testng.internal.invokers.TestMethodWorker.invokeTestMethods(TestMethodWorker.java:154)
at org.testng.internal.invokers.TestMethodWorker.run(TestMethodWorker.java:134)
at java.base/java.util.ArrayList.forEach(ArrayList.java:1511)
at org.testng.TestRunner.privateRun(TestRunner.java:741)
at org.testng.TestRunner.run(TestRunner.java:616)
at org.testng.SuiteRunner.runTest(SuiteRunner.java:421)
at org.testng.SuiteRunner.runSequentially(SuiteRunner.java:413)
at org.testng.SuiteRunner.privateRun(SuiteRunner.java:373)
at org.testng.SuiteRunner.run(SuiteRunner.java:312)
at org.testng.SuiteRunnerWorker.runSuite(SuiteRunnerWorker.java:52)
at org.testng.SuiteRunnerWorker.run(SuiteRunnerWorker.java:95)
at org.testng.TestNG.runSuitesSequentially(TestNG.java:1274)
at org.testng.TestNG.runSuitesLocally(TestNG.java:1208)
at org.testng.TestNG.runSuites(TestNG.java:1112)
at org.testng.TestNG.run(TestNG.java:1079)
at org.apache.maven.surefire.testng.TestNGExecutor.run(TestNGExecutor.java:308)
at org.apache.maven.surefire.testng.TestNGXmlTestSuite.execute(TestNGXmlTestSuite.java:71)
at org.apache.maven.surefire.testng.TestNGProvider.invoke(TestNGProvider.java:113)
at org.apache.maven.surefire.booter.ForkedBooter.runSuitesInProcess(ForkedBooter.java:385)
at org.apache.maven.surefire.booter.ForkedBooter.execute(ForkedBooter.java:162)
at org.apache.maven.surefire.booter.ForkedBooter.run(ForkedBooter.java:507)
at org.apache.maven.surefire.booter.ForkedBooter.main(ForkedBooter.java:495)
]]>
            </full-stacktrace>
          </exception> <!-- org.openqa.selenium.NoSuchElementException -->
          <reporter-output>
            <line>
              <![CDATA[Launched Chrome browser]]>
            </line>
            <line>
              <![CDATA[Browser Maximized]]>
            </line>
            <line>
              <![CDATA[Navigated to https://opensource-demo.orangehrmlive.com/web/index.php/auth/login]]>
            </line>
            <line>
              <![CDATA[Implicit wait set to: 10 seconds]]>
            </line>
            <line>
              <![CDATA[Locator Used -> xpath://h5[text()='Login']]]>
            </line>
            <line>
              <![CDATA[Login Text is displayed]]>
            </line>
            <line>
              <![CDATA[Locator Used -> cssSelector:input[placeholder='Username']]]>
            </line>
            <line>
              <![CDATA[Entered Admin into Username Text Field]]>
            </line>
            <line>
              <![CDATA[Locator Used -> cssSelector:input[placeholder='Password']]]>
            </line>
            <line>
              <![CDATA[Entered admin into Password Text Field]]>
            </line>
            <line>
              <![CDATA[Locator Used -> xpath://button[normalize-space(.)='Login']]]>
            </line>
            <line>
              <![CDATA[Clicked on Login Button]]>
            </line>
            <line>
              <![CDATA[Failed to verify Dashboard Text - Reason: org.openqa.selenium.NoSuchElementException: no such element: Unable to locate element: {"method":"xpath","selector":"//h6[text()='Dashboard']"}
  (Session info: chrome=141.0.7390.66)
For documentation on this error, please visit: https://www.selenium.dev/documentation/webdriver/troubleshooting/errors#no-such-element-exception
Build info: version: '4.35.0', revision: '1c58e5028b'
System info: os.name: 'Windows 11', os.arch: 'amd64', os.version: '10.0', java.version: '17.0.11'
Driver info: org.openqa.selenium.chrome.ChromeDriver
Command: [ee61dafd09a94e7de5239770e1ade2b9, findElement {using=xpath, value=//h6[text()='Dashboard']}]
Capabilities {acceptInsecureCerts: false, browserName: chrome, browserVersion: 141.0.7390.66, chrome: {chromedriverVersion: 141.0.7390.76 (d6fcfbb51aac..., userDataDir: C:\Users\User\AppData\Local...}, fedcm:accounts: true, goog:chromeOptions: {debuggerAddress: localhost:58048}, networkConnectionEnabled: false, pageLoadStrategy: normal, platformName: windows, proxy: Proxy(), se:cdp: ws://localhost:58048/devtoo..., se:cdpVersion: 141.0.7390.66, setWindowRect: true, strictFileInteractability: false, timeouts: {implicit: 0, pageLoad: 300000, script: 30000}, unhandledPromptBehavior: dismiss and notify, webauthn:extension:credBlob: true, webauthn:extension:largeBlob: true, webauthn:extension:minPinLength: true, webauthn:extension:prf: true, webauthn:virtualAuthenticators: true}
Session ID: ee61dafd09a94e7de5239770e1ade2b9]]>
            </line>
          </reporter-output>
        </test-method> <!-- Verify_Login_With_Valid_Data -->
        <test-method is-config="true" signature="testOver(org.testng.ITestResult)[pri:0, instance:testCases.Module1_Login@57a3af25]" started-at="2025-10-13T22:43:41 IST" name="testOver" finished-at="2025-10-13T22:43:41 IST" duration-ms="4" status="PASS">
          <params>
            <param index="0">
              <value>
                <![CDATA[[TestResult name=Verify_Login_With_Valid_Data status=FAILURE method=Module1_Login.Verify_Login_With_Valid_Data()[pri:0, instance:testCases.Module1_Login@57a3af25] output=Launched Chrome browser]]]>
              </value>
            </param>
          </params>
          <reporter-output>
          </reporter-output>
        </test-method> <!-- testOver -->
        <test-method signature="Verify_Login_With_Invalid_Data()[pri:1, instance:testCases.Module1_Login@57a3af25]" started-at="2025-10-13T22:43:41 IST" name="Verify_Login_With_Invalid_Data" finished-at="2025-10-13T22:44:26 IST" duration-ms="44572" status="PASS">
          <reporter-output>
            <line>
              <![CDATA[Launched Chrome browser]]>
            </line>
            <line>
              <![CDATA[Browser Maximized]]>
            </line>
            <line>
              <![CDATA[Navigated to https://opensource-demo.orangehrmlive.com/web/index.php/auth/login]]>
            </line>
            <line>
              <![CDATA[Implicit wait set to: 10 seconds]]>
            </line>
            <line>
              <![CDATA[Locator Used -> xpath://h5[text()='Login']]]>
            </line>
            <line>
              <![CDATA[Login Text is displayed]]>
            </line>
            <line>
              <![CDATA[Locator Used -> cssSelector:input[placeholder='Username']]]>
            </line>
            <line>
              <![CDATA[Entered Admin into Username Text Field]]>
            </line>
            <line>
              <![CDATA[Locator Used -> cssSelector:input[placeholder='Password']]]>
            </line>
            <line>
              <![CDATA[Entered Admin into Password Text Field]]>
            </line>
            <line>
              <![CDATA[Locator Used -> xpath://button[normalize-space(.)='Login']]]>
            </line>
            <line>
              <![CDATA[Clicked on Login Button]]>
            </line>
            <line>
              <![CDATA[Locator Used -> xpath://p[text()='Invalid credentials']]]>
            </line>
            <line>
              <![CDATA[Invalid Credential Text is displayed]]>
            </line>
          </reporter-output>
        </test-method> <!-- Verify_Login_With_Invalid_Data -->
        <test-method is-config="true" signature="testOver(org.testng.ITestResult)[pri:0, instance:testCases.Module1_Login@57a3af25]" started-at="2025-10-13T22:44:26 IST" name="testOver" finished-at="2025-10-13T22:44:27 IST" duration-ms="1174" status="PASS">
          <params>
            <param index="0">
              <value>
                <![CDATA[[TestResult name=Verify_Login_With_Invalid_Data status=SUCCESS method=Module1_Login.Verify_Login_With_Invalid_Data()[pri:1, instance:testCases.Module1_Login@57a3af25] output=Launched Chrome browser]]]>
              </value>
            </param>
          </params>
          <reporter-output>
            <line>
              <![CDATA[Closed browser]]>
            </line>
          </reporter-output>
        </test-method> <!-- testOver -->
        <test-method signature="Verify_Login_With_NoData()[pri:2, instance:testCases.Module1_Login@57a3af25]" started-at="2025-10-13T22:44:27 IST" name="Verify_Login_With_NoData" finished-at="2025-10-13T22:45:05 IST" duration-ms="38055" status="PASS">
          <reporter-output>
            <line>
              <![CDATA[Launched Chrome browser]]>
            </line>
            <line>
              <![CDATA[Browser Maximized]]>
            </line>
            <line>
              <![CDATA[Navigated to https://opensource-demo.orangehrmlive.com/web/index.php/auth/login]]>
            </line>
            <line>
              <![CDATA[Implicit wait set to: 10 seconds]]>
            </line>
            <line>
              <![CDATA[Locator Used -> xpath://h5[text()='Login']]]>
            </line>
            <line>
              <![CDATA[Login Text is displayed]]>
            </line>
            <line>
              <![CDATA[Locator Used -> xpath://button[normalize-space(.)='Login']]]>
            </line>
            <line>
              <![CDATA[Clicked on Login Button]]>
            </line>
            <line>
              <![CDATA[Locator Used -> xpath://label[text()='Username']/../..//span[text()='Required']]]>
            </line>
            <line>
              <![CDATA[Username Required Text is displayed]]>
            </line>
            <line>
              <![CDATA[Locator Used -> xpath://label[text()='Password']/../..//span[text()='Required']]]>
            </line>
            <line>
              <![CDATA[Password Required Text is displayed]]>
            </line>
          </reporter-output>
        </test-method> <!-- Verify_Login_With_NoData -->
        <test-method is-config="true" signature="testOver(org.testng.ITestResult)[pri:0, instance:testCases.Module1_Login@57a3af25]" started-at="2025-10-13T22:45:05 IST" name="testOver" finished-at="2025-10-13T22:45:06 IST" duration-ms="1201" status="PASS">
          <params>
            <param index="0">
              <value>
                <![CDATA[[TestResult name=Verify_Login_With_NoData status=SUCCESS method=Module1_Login.Verify_Login_With_NoData()[pri:2, instance:testCases.Module1_Login@57a3af25] output=Launched Chrome browser]]]>
              </value>
            </param>
          </params>
          <reporter-output>
            <line>
              <![CDATA[Closed browser]]>
            </line>
          </reporter-output>
        </test-method> <!-- testOver -->
        <test-method is-config="true" signature="updateReport()[pri:0, instance:testCases.Module1_Login@57a3af25]" started-at="2025-10-13T22:45:06 IST" name="updateReport" finished-at="2025-10-13T22:45:07 IST" duration-ms="469" status="PASS">
          <reporter-output>
          </reporter-output>
        </test-method> <!-- updateReport -->
      </class> <!-- testCases.Module1_Login -->
    </test> <!-- Test -->
  </suite> <!-- Regression Suite -->
</testng-results>
